<?xml version="1.0" encoding="UTF-8"?>
<!-- Generated by org.testng.reporters.JUnitReportReporter -->
<testsuite hostname="DESKTOP-34MARLR" failures="0" tests="1" name="com.inetBanking.testCases.TC_LoginTest_001" time="9.232" errors="0" timestamp="2023-08-14T16:08:09 IST" skipped="0">
  <testcase classname="com.inetBanking.testCases.TC_LoginTest_001" name="LoginTest" time="9.232"/>
  <system-out/>
</testsuite> <!-- com.inetBanking.testCases.TC_LoginTest_001 -->
